\BOOKMARK [0][-]{chapter.1}{Introduction}{}% 1
\BOOKMARK [1][-]{section.1.1}{Core Policy Elements}{chapter.1}% 2
\BOOKMARK [1][-]{section.1.2}{Assignment Relation}{chapter.1}% 3
\BOOKMARK [2][-]{subsection.1.2.1}{User and Object Assignments}{section.1.2}% 4
\BOOKMARK [2][-]{subsection.1.2.2}{Attribute Assignments}{section.1.2}% 5
\BOOKMARK [2][-]{subsection.1.2.3}{Policy Class Assignments}{section.1.2}% 6
\BOOKMARK [1][-]{section.1.3}{Associations and Privilege Relations}{chapter.1}% 7
\BOOKMARK [2][-]{subsection.1.3.1}{Associations}{section.1.3}% 8
\BOOKMARK [2][-]{subsection.1.3.2}{Containment and Attribute Properties}{section.1.3}% 9
\BOOKMARK [2][-]{subsection.1.3.3}{Derived Privileges}{section.1.3}% 10
\BOOKMARK [1][-]{section.1.4}{Prohibitions and Restriction Relations}{chapter.1}% 11
\BOOKMARK [1][-]{section.1.5}{Obligations}{chapter.1}% 12
\BOOKMARK [1][-]{section.1.6}{Access Request Decisions}{chapter.1}% 13
\BOOKMARK [0][-]{chapter.2}{Other Considerations}{}% 14
\BOOKMARK [1][-]{section.2.1}{Administrative Commands and Routines}{chapter.2}% 15
\BOOKMARK [1][-]{section.2.2}{Multiple Policy Class Considerations}{chapter.2}% 16
\BOOKMARK [0][-]{chapter.3}{Implementation}{}% 17
\BOOKMARK [1][-]{section.3.1}{Handling failures}{chapter.3}% 18
\BOOKMARK [1][-]{section.3.2}{Policy Information Point}{chapter.3}% 19
\BOOKMARK [2][-]{subsection.3.2.1}{create\137x\137in\137y}{section.3.2}% 20
\BOOKMARK [2][-]{subsection.3.2.2}{delete\137u/2 and similar functions}{section.3.2}% 21
\BOOKMARK [2][-]{subsection.3.2.3}{create\137arset/2 and delete\137atset/2}{section.3.2}% 22
\BOOKMARK [2][-]{subsection.3.2.4}{allocate\137id\(Values\)}{section.3.2}% 23
\BOOKMARK [2][-]{subsection.3.2.5}{create\137assign/3}{section.3.2}% 24
\BOOKMARK [2][-]{subsection.3.2.6}{create\137assoc/3}{section.3.2}% 25
\BOOKMARK [1][-]{section.3.3}{Sessions}{chapter.3}% 26
\BOOKMARK [0][-]{chapter.4}{Notes}{}% 27
